1525708225806	geckodriver	INFO	geckodriver 0.20.1
1525708225814	geckodriver	INFO	Listening on 127.0.0.1:51893
1525708226910	mozrunner::runner	INFO	Running command: "/usr/bin/firefox" "-marionette" "-profile" "/tmp/rust_mozprofile.E2gewidWLZEb"
1525708227128	addons.xpi	WARN	Can't get modified time of /usr/lib64/firefox/browser/features/aushelper@mozilla.org.xpi
1525708227216	addons.xpi-utils	WARN	addMetadata: Add-on aushelper@mozilla.org is invalid: [Exception... "Component returned failure code: 0x80520006 (NS_ERROR_FILE_TARGET_DOES_NOT_EXIST) [nsIFile.isFile]"  nsresult: "0x80520006 (NS_ERROR_FILE_TARGET_DOES_NOT_EXIST)"  location: "JS frame :: resource://gre/modules/addons/XPIInstall.jsm :: this.loadManifestFromFile :: line 969"  data: no] Stack trace: this.loadManifestFromFile()@resource://gre/modules/addons/XPIInstall.jsm:969 < syncLoadManifestFromFile()@resource://gre/modules/addons/XPIProvider.jsm:938 < addMetadata()@resource://gre/modules/addons/XPIProvider.jsm -> resource://gre/modules/addons/XPIProviderUtils.js:1176 < processFileChanges()@resource://gre/modules/addons/XPIProvider.jsm -> resource://gre/modules/addons/XPIProviderUtils.js:1532 < checkForChanges()@resource://gre/modules/addons/XPIProvider.jsm:3276 < startup()@resource://gre/modules/addons/XPIProvider.jsm:2182 < callProvider()@resource://gre/modules/AddonManager.jsm:264 < _startProvider()@resource://gre/modules/AddonManager.jsm:740 < startup()@resource://gre/modules/AddonManager.jsm:907 < startup()@resource://gre/modules/AddonManager.jsm:3089 < observe()@jar:file:///usr/lib64/firefox/omni.ja!/components/addonManager.js:65
1525708227216	addons.xpi-utils	WARN	Could not uninstall invalid item from locked install location
1525708227366	Marionette	INFO	Enabled via --marionette
1525708228552	addons.xpi	WARN	Can't get modified time of /usr/lib64/firefox/browser/features/aushelper@mozilla.org.xpi
1525708228796	Marionette	INFO	Listening on port 40327
1525708228840	Marionette	WARN	TLS certificate errors will be ignored for this session
*** UTM:SVC TimerManager:registerTimer called after profile-before-change notification. Ignoring timer registration for id: telemetry_modules_ping
1525708306086	geckodriver	INFO	geckodriver 0.20.1
1525708306094	geckodriver	INFO	Listening on 127.0.0.1:49513
1525708307170	mozrunner::runner	INFO	Running command: "/usr/bin/firefox" "-marionette" "-profile" "/tmp/rust_mozprofile.jSVLNItcUEu8"
1525708307382	addons.xpi	WARN	Can't get modified time of /usr/lib64/firefox/browser/features/aushelper@mozilla.org.xpi
1525708307466	addons.xpi-utils	WARN	addMetadata: Add-on aushelper@mozilla.org is invalid: [Exception... "Component returned failure code: 0x80520006 (NS_ERROR_FILE_TARGET_DOES_NOT_EXIST) [nsIFile.isFile]"  nsresult: "0x80520006 (NS_ERROR_FILE_TARGET_DOES_NOT_EXIST)"  location: "JS frame :: resource://gre/modules/addons/XPIInstall.jsm :: this.loadManifestFromFile :: line 969"  data: no] Stack trace: this.loadManifestFromFile()@resource://gre/modules/addons/XPIInstall.jsm:969 < syncLoadManifestFromFile()@resource://gre/modules/addons/XPIProvider.jsm:938 < addMetadata()@resource://gre/modules/addons/XPIProvider.jsm -> resource://gre/modules/addons/XPIProviderUtils.js:1176 < processFileChanges()@resource://gre/modules/addons/XPIProvider.jsm -> resource://gre/modules/addons/XPIProviderUtils.js:1532 < checkForChanges()@resource://gre/modules/addons/XPIProvider.jsm:3276 < startup()@resource://gre/modules/addons/XPIProvider.jsm:2182 < callProvider()@resource://gre/modules/AddonManager.jsm:264 < _startProvider()@resource://gre/modules/AddonManager.jsm:740 < startup()@resource://gre/modules/AddonManager.jsm:907 < startup()@resource://gre/modules/AddonManager.jsm:3089 < observe()@jar:file:///usr/lib64/firefox/omni.ja!/components/addonManager.js:65
1525708307468	addons.xpi-utils	WARN	Could not uninstall invalid item from locked install location
1525708307622	Marionette	INFO	Enabled via --marionette
1525708308708	addons.xpi	WARN	Can't get modified time of /usr/lib64/firefox/browser/features/aushelper@mozilla.org.xpi
1525708309224	Marionette	INFO	Listening on port 36525
1525708309282	Marionette	WARN	TLS certificate errors will be ignored for this session
1525708309634	addons.xpi	WARN	Exception running bootstrap method shutdown on activity-stream@mozilla.org: [Exception... "Component returned failure code: 0x80004005 (NS_ERROR_FAILURE) [nsIObserverService.removeObserver]"  nsresult: "0x80004005 (NS_ERROR_FAILURE)"  location: "JS frame :: resource://activity-stream/lib/SnippetsFeed.jsm :: uninit :: line 125"  data: no] Stack trace: uninit()@resource://activity-stream/lib/SnippetsFeed.jsm:125 < onAction()@resource://activity-stream/lib/SnippetsFeed.jsm:141 < _middleware/</<()@resource://activity-stream/lib/Store.jsm:51 < Store/this[method]()@resource://activity-stream/lib/Store.jsm:30 < uninit()@resource://activity-stream/lib/Store.jsm:153 < uninit()@resource://activity-stream/lib/ActivityStream.jsm:274 < uninit()@resource://gre/modules/addons/XPIProvider.jsm -> jar:file:///usr/lib64/firefox/browser/features/activity-stream@mozilla.org.xpi!/bootstrap.js:80 < shutdown()@resource://gre/modules/addons/XPIProvider.jsm -> jar:file:///usr/lib64/firefox/browser/features/activity-stream@mozilla.org.xpi!/bootstrap.js:196 < callBootstrapMethod()@resource://gre/modules/addons/XPIProvider.jsm:4432 < observe()@resource://gre/modules/addons/XPIProvider.jsm:2292 < GeckoDriver.prototype.quit()@driver.js:3270 < despatch()@server.js:557 < execute()@server.js:531 < onPacket/<()@server.js:506 < onPacket()@server.js:505 < _onJSONObjectReady/<()@transport.js:500
*** UTM:SVC TimerManager:registerTimer called after profile-before-change notification. Ignoring timer registration for id: telemetry_modules_ping
1525725159947	geckodriver	INFO	geckodriver 0.20.1
1525725159954	geckodriver	INFO	Listening on 127.0.0.1:44367
1525725161070	mozrunner::runner	INFO	Running command: "/usr/bin/firefox" "-marionette" "-profile" "/tmp/rust_mozprofile.uwzFG6O6kg3J"
1525725161320	addons.xpi	WARN	Can't get modified time of /usr/lib64/firefox/browser/features/aushelper@mozilla.org.xpi
1525725161414	addons.xpi-utils	WARN	addMetadata: Add-on aushelper@mozilla.org is invalid: [Exception... "Component returned failure code: 0x80520006 (NS_ERROR_FILE_TARGET_DOES_NOT_EXIST) [nsIFile.isFile]"  nsresult: "0x80520006 (NS_ERROR_FILE_TARGET_DOES_NOT_EXIST)"  location: "JS frame :: resource://gre/modules/addons/XPIInstall.jsm :: this.loadManifestFromFile :: line 969"  data: no] Stack trace: this.loadManifestFromFile()@resource://gre/modules/addons/XPIInstall.jsm:969 < syncLoadManifestFromFile()@resource://gre/modules/addons/XPIProvider.jsm:938 < addMetadata()@resource://gre/modules/addons/XPIProvider.jsm -> resource://gre/modules/addons/XPIProviderUtils.js:1176 < processFileChanges()@resource://gre/modules/addons/XPIProvider.jsm -> resource://gre/modules/addons/XPIProviderUtils.js:1532 < checkForChanges()@resource://gre/modules/addons/XPIProvider.jsm:3276 < startup()@resource://gre/modules/addons/XPIProvider.jsm:2182 < callProvider()@resource://gre/modules/AddonManager.jsm:264 < _startProvider()@resource://gre/modules/AddonManager.jsm:740 < startup()@resource://gre/modules/AddonManager.jsm:907 < startup()@resource://gre/modules/AddonManager.jsm:3089 < observe()@jar:file:///usr/lib64/firefox/omni.ja!/components/addonManager.js:65
1525725161416	addons.xpi-utils	WARN	Could not uninstall invalid item from locked install location
1525725161588	Marionette	INFO	Enabled via --marionette
1525725162852	addons.xpi	WARN	Can't get modified time of /usr/lib64/firefox/browser/features/aushelper@mozilla.org.xpi
1525725163204	Marionette	INFO	Listening on port 36659
1525725163326	Marionette	WARN	TLS certificate errors will be ignored for this session
1525725163592	addons.xpi	WARN	Exception running bootstrap method shutdown on activity-stream@mozilla.org: [Exception... "Component returned failure code: 0x80004005 (NS_ERROR_FAILURE) [nsIObserverService.removeObserver]"  nsresult: "0x80004005 (NS_ERROR_FAILURE)"  location: "JS frame :: resource://activity-stream/lib/SnippetsFeed.jsm :: uninit :: line 125"  data: no] Stack trace: uninit()@resource://activity-stream/lib/SnippetsFeed.jsm:125 < onAction()@resource://activity-stream/lib/SnippetsFeed.jsm:141 < _middleware/</<()@resource://activity-stream/lib/Store.jsm:51 < Store/this[method]()@resource://activity-stream/lib/Store.jsm:30 < uninit()@resource://activity-stream/lib/Store.jsm:153 < uninit()@resource://activity-stream/lib/ActivityStream.jsm:274 < uninit()@resource://gre/modules/addons/XPIProvider.jsm -> jar:file:///usr/lib64/firefox/browser/features/activity-stream@mozilla.org.xpi!/bootstrap.js:80 < shutdown()@resource://gre/modules/addons/XPIProvider.jsm -> jar:file:///usr/lib64/firefox/browser/features/activity-stream@mozilla.org.xpi!/bootstrap.js:196 < callBootstrapMethod()@resource://gre/modules/addons/XPIProvider.jsm:4432 < observe()@resource://gre/modules/addons/XPIProvider.jsm:2292 < GeckoDriver.prototype.quit()@driver.js:3270 < despatch()@server.js:557 < execute()@server.js:531 < onPacket/<()@server.js:506 < onPacket()@server.js:505 < _onJSONObjectReady/<()@transport.js:500
*** UTM:SVC TimerManager:registerTimer called after profile-before-change notification. Ignoring timer registration for id: telemetry_modules_ping
